# JRE version: Java(TM) SE Runtime Environment (8.0_45-b15) (build 1.8.0_45-b15)
# Java VM: Java HotSpot(TM) 64-Bit Server VM (25.45-b02 mixed mode windows-amd64 compressed oops)
Heap:
 PSYoungGen      total 181760K, used 89086K [0x00000000e0000000, 0x00000000eec00000, 0x0000000100000000)
  eden space 146944K, 36% used [0x00000000e0000000,0x00000000e35014d0,0x00000000e8f80000)
  from space 34816K, 99% used [0x00000000e8f80000,0x00000000eb17e3b8,0x00000000eb180000)
  to   space 41984K, 0% used [0x00000000ec300000,0x00000000ec300000,0x00000000eec00000)
 ParOldGen       total 168448K, used 48180K [0x00000000a0000000, 0x00000000aa480000, 0x00000000e0000000)
  object space 168448K, 28% used [0x00000000a0000000,0x00000000a2f0d300,0x00000000aa480000)
 Metaspace       used 73371K, capacity 76464K, committed 76800K, reserved 1118208K
  class space    used 9788K, capacity 10403K, committed 10496K, reserved 1048576K
GC Heap History (10 events):
Event: 17.400 GC heap before
{Heap before GC invocations=16 (full 3):
 PSYoungGen      total 144896K, used 127488K [0x00000000e0000000, 0x00000000ea900000, 0x0000000100000000)
  eden space 127488K, 100% used [0x00000000e0000000,0x00000000e7c80000,0x00000000e7c80000)
  from space 17408K, 0% used [0x00000000e9000000,0x00000000e9000000,0x00000000ea100000)
  to   space 19968K, 0% used [0x00000000e7c80000,0x00000000e7c80000,0x00000000e9000000)
 ParOldGen       total 168448K, used 32100K [0x00000000a0000000, 0x00000000aa480000, 0x00000000e0000000)
  object space 168448K, 19% used [0x00000000a0000000,0x00000000a1f59258,0x00000000aa480000)
 Metaspace       used 60619K, capacity 63218K, committed 63488K, reserved 1103872K
  class space    used 8585K, capacity 9144K, committed 9216K, reserved 1048576K
Event: 17.417 GC heap after
Heap after GC invocations=16 (full 3):
 PSYoungGen      total 147456K, used 16200K [0x00000000e0000000, 0x00000000eb800000, 0x0000000100000000)
  eden space 127488K, 0% used [0x00000000e0000000,0x00000000e0000000,0x00000000e7c80000)
  from space 19968K, 81% used [0x00000000e7c80000,0x00000000e8c52168,0x00000000e9000000)
  to   space 21504K, 0% used [0x00000000ea300000,0x00000000ea300000,0x00000000eb800000)
 ParOldGen       total 168448K, used 32108K [0x00000000a0000000, 0x00000000aa480000, 0x00000000e0000000)
  object space 168448K, 19% used [0x00000000a0000000,0x00000000a1f5b258,0x00000000aa480000)
 Metaspace       used 60619K, capacity 63218K, committed 63488K, reserved 1103872K
  class space    used 8585K, capacity 9144K, committed 9216K, reserved 1048576K
}
Event: 30.635 GC heap before
{Heap before GC invocations=17 (full 3):
 PSYoungGen      total 147456K, used 143688K [0x00000000e0000000, 0x00000000eb800000, 0x0000000100000000)
  eden space 127488K, 100% used [0x00000000e0000000,0x00000000e7c80000,0x00000000e7c80000)
  from space 19968K, 81% used [0x00000000e7c80000,0x00000000e8c52168,0x00000000e9000000)
  to   space 21504K, 0% used [0x00000000ea300000,0x00000000ea300000,0x00000000eb800000)
 ParOldGen       total 168448K, used 32110K [0x00000000a0000000, 0x00000000aa480000, 0x00000000e0000000)
  object space 168448K, 19% used [0x00000000a0000000,0x00000000a1f5bab8,0x00000000aa480000)
 Metaspace       used 65305K, capacity 68078K, committed 68224K, reserved 1107968K
  class space    used 8935K, capacity 9512K, committed 9600K, reserved 1048576K
Event: 30.652 GC heap after
Heap after GC invocations=17 (full 3):
 PSYoungGen      total 163328K, used 21494K [0x00000000e0000000, 0x00000000ebb80000, 0x0000000100000000)
  eden space 141824K, 0% used [0x00000000e0000000,0x00000000e0000000,0x00000000e8a80000)
  from space 21504K, 99% used [0x00000000ea300000,0x00000000eb7fd978,0x00000000eb800000)
  to   space 25088K, 0% used [0x00000000e8a80000,0x00000000e8a80000,0x00000000ea300000)
 ParOldGen       total 168448K, used 33615K [0x00000000a0000000, 0x00000000aa480000, 0x00000000e0000000)
  object space 168448K, 19% used [0x00000000a0000000,0x00000000a20d3f68,0x00000000aa480000)
 Metaspace       used 65305K, capacity 68078K, committed 68224K, reserved 1107968K
  class space    used 8935K, capacity 9512K, committed 9600K, reserved 1048576K
}
Event: 98.218 GC heap before
{Heap before GC invocations=18 (full 3):
 PSYoungGen      total 163328K, used 163318K [0x00000000e0000000, 0x00000000ebb80000, 0x0000000100000000)
  eden space 141824K, 100% used [0x00000000e0000000,0x00000000e8a80000,0x00000000e8a80000)
  from space 21504K, 99% used [0x00000000ea300000,0x00000000eb7fd978,0x00000000eb800000)
  to   space 25088K, 0% used [0x00000000e8a80000,0x00000000e8a80000,0x00000000ea300000)
 ParOldGen       total 168448K, used 33615K [0x00000000a0000000, 0x00000000aa480000, 0x00000000e0000000)
  object space 168448K, 19% used [0x00000000a0000000,0x00000000a20d3f68,0x00000000aa480000)
 Metaspace       used 67970K, capacity 70832K, committed 71040K, reserved 1110016K
  class space    used 9185K, capacity 9773K, committed 9856K, reserved 1048576K
Event: 98.234 GC heap after
Heap after GC invocations=18 (full 3):
 PSYoungGen      total 166912K, used 21762K [0x00000000e0000000, 0x00000000ecc00000, 0x0000000100000000)
  eden space 141824K, 0% used [0x00000000e0000000,0x00000000e0000000,0x00000000e8a80000)
  from space 25088K, 86% used [0x00000000e8a80000,0x00000000e9fc0890,0x00000000ea300000)
  to   space 27136K, 0% used [0x00000000eb180000,0x00000000eb180000,0x00000000ecc00000)
 ParOldGen       total 168448K, used 33623K [0x00000000a0000000, 0x00000000aa480000, 0x00000000e0000000)
  object space 168448K, 19% used [0x00000000a0000000,0x00000000a20d5f68,0x00000000aa480000)
 Metaspace       used 67970K, capacity 70832K, committed 71040K, reserved 1110016K
  class space    used 9185K, capacity 9773K, committed 9856K, reserved 1048576K
}
Event: 100.043 GC heap before
{Heap before GC invocations=19 (full 3):
 PSYoungGen      total 166912K, used 163586K [0x00000000e0000000, 0x00000000ecc00000, 0x0000000100000000)
  eden space 141824K, 100% used [0x00000000e0000000,0x00000000e8a80000,0x00000000e8a80000)
  from space 25088K, 86% used [0x00000000e8a80000,0x00000000e9fc0890,0x00000000ea300000)
  to   space 27136K, 0% used [0x00000000eb180000,0x00000000eb180000,0x00000000ecc00000)
 ParOldGen       total 168448K, used 33623K [0x00000000a0000000, 0x00000000aa480000, 0x00000000e0000000)
  object space 168448K, 19% used [0x00000000a0000000,0x00000000a20d5f68,0x00000000aa480000)
 Metaspace       used 68351K, capacity 71218K, committed 71296K, reserved 1110016K
  class space    used 9187K, capacity 9778K, committed 9856K, reserved 1048576K
Event: 100.076 GC heap after
Heap after GC invocations=19 (full 3):
 PSYoungGen      total 174080K, used 27109K [0x00000000e0000000, 0x00000000edf80000, 0x0000000100000000)
  eden space 146944K, 0% used [0x00000000e0000000,0x00000000e0000000,0x00000000e8f80000)
  from space 27136K, 99% used [0x00000000eb180000,0x00000000ecbf9588,0x00000000ecc00000)
  to   space 34816K, 0% used [0x00000000e8f80000,0x00000000e8f80000,0x00000000eb180000)
 ParOldGen       total 168448K, used 43743K [0x00000000a0000000, 0x00000000aa480000, 0x00000000e0000000)
  object space 168448K, 25% used [0x00000000a0000000,0x00000000a2ab7d28,0x00000000aa480000)
 Metaspace       used 68351K, capacity 71218K, committed 71296K, reserved 1110016K
  class space    used 9187K, capacity 9778K, committed 9856K, reserved 1048576K
}
Event: 104.854 GC heap before
{Heap before GC invocations=20 (full 3):
 PSYoungGen      total 174080K, used 174053K [0x00000000e0000000, 0x00000000edf80000, 0x0000000100000000)
  eden space 146944K, 100% used [0x00000000e0000000,0x00000000e8f80000,0x00000000e8f80000)
  from space 27136K, 99% used [0x00000000eb180000,0x00000000ecbf9588,0x00000000ecc00000)
  to   space 34816K, 0% used [0x00000000e8f80000,0x00000000e8f80000,0x00000000eb180000)
 ParOldGen       total 168448K, used 43743K [0x00000000a0000000, 0x00000000aa480000, 0x00000000e0000000)
  object space 168448K, 25% used [0x00000000a0000000,0x00000000a2ab7d28,0x00000000aa480000)
 Metaspace       used 71949K, capacity 74964K, committed 75008K, reserved 1114112K
  class space    used 9612K, capacity 10201K, committed 10240K, reserved 1048576K
Event: 104.879 GC heap after
Heap after GC invocations=20 (full 3):
 PSYoungGen      total 181760K, used 34808K [0x00000000e0000000, 0x00000000eec00000, 0x0000000100000000)
  eden space 146944K, 0% used [0x00000000e0000000,0x00000000e0000000,0x00000000e8f80000)
  from space 34816K, 99% used [0x00000000e8f80000,0x00000000eb17e3b8,0x00000000eb180000)
  to   space 41984K, 0% used [0x00000000ec300000,0x00000000ec300000,0x00000000eec00000)
 ParOldGen       total 168448K, used 48180K [0x00000000a0000000, 0x00000000aa480000, 0x00000000e0000000)
  object space 168448K, 28% used [0x00000000a0000000,0x00000000a2f0d300,0x00000000aa480000)
 Metaspace       used 71949K, capacity 74964K, committed 75008K, reserved 1114112K
  class space    used 9612K, capacity 10201K, committed 10240K, reserved 1048576K
}

